<?xml version="1.0" encoding="UTF-8"?>
<!-- Generated by org.testng.reporters.JUnitXMLReporter -->
<testsuite ignored="1" hostname="LAPTOP-HFB3G3CP" failures="0" tests="1" name="Default test" time="24.461" errors="0" timestamp="2025-08-05T00:43:08 IST">
  <testcase classname="testjava.TestCase_05" name="testSEOAuditForBatchProcess" time="24.433"/>
  <testcase classname="testjava.TestCase_05" name="testSEOAuditForHomePage" time="0.0">
    <ignored/>
  </testcase> <!-- testSEOAuditForHomePage -->
</testsuite> <!-- Default test -->
