<?xml version="1.0" encoding="UTF-8"?>
<!-- Generated by org.testng.reporters.JUnitXMLReporter -->
<testsuite ignored="4" hostname="LAPTOP-HFB3G3CP" failures="0" tests="1" name="Default test" time="26.338" errors="0" timestamp="2025-08-25T16:46:37 IST">
  <testcase classname="testjava.TestCase_03" name="A11YTesting" time="26.314"/>
  <testcase classname="testjava.TestCase_03" name="testFullAIFlow" time="0.0">
    <ignored/>
  </testcase> <!-- testFullAIFlow -->
  <testcase classname="testjava.TestCase_03" name="A11YTestingMultiplePage" time="0.0">
    <ignored/>
  </testcase> <!-- A11YTestingMultiplePage -->
  <testcase classname="testjava.TestCase_03" name="MistralA11YScoreAnalysis" time="0.0">
    <ignored/>
  </testcase> <!-- MistralA11YScoreAnalysis -->
  <testcase classname="testjava.TestCase_03" name="exportA11YHybridTextReportToJson" time="0.0">
    <ignored/>
  </testcase> <!-- exportA11YHybridTextReportToJson -->
</testsuite> <!-- Default test -->
